<?xml version="1.0" encoding="UTF-8"?>
<!-- Generated by org.testng.reporters.JUnitReportReporter -->
<testsuite hostname="LAPTOP-LP9QG413" failures="0" tests="3" name="Bank.TDbank.StudyLoanTest" time="0.000" errors="0" timestamp="03 Feb 2021 02:48:45 GMT" skipped="0">
  <testcase classname="Bank.TDbank.StudyLoanTest" name="mobileLogin" time="0.000"/>
  <testcase classname="Bank.TDbank.StudyLoanTest" name="webLogin" time="0.000"/>
  <testcase classname="Bank.TDbank.StudyLoanTest" name="apiLogin" time="0.000"/>
</testsuite> <!-- Bank.TDbank.StudyLoanTest -->
