<?xml version="1.0" encoding="UTF-8"?>
<!-- Generated by org.testng.reporters.JUnitReportReporter -->
<testsuite hostname="LAPTOP-LP9QG413" failures="0" tests="4" name="Bank.TDbank.GoldLoanTest" time="0.001" errors="0" timestamp="03 Feb 2021 03:01:36 GMT" skipped="0">
  <testcase classname="Bank.TDbank.GoldLoanTest" name="mobileAviLogin4" time="0.000"/>
  <testcase classname="Bank.TDbank.GoldLoanTest" name="mobileAviLogin2" time="0.001"/>
  <testcase classname="Bank.TDbank.GoldLoanTest" name="webLogin" time="0.000"/>
  <testcase classname="Bank.TDbank.GoldLoanTest" name="aviMobileLogin" time="0.000"/>
</testsuite> <!-- Bank.TDbank.GoldLoanTest -->
